#
# A fatal error has been detected by the Java Runtime Environment:
#
#  EXCEPTION_ACCESS_VIOLATION (0xc0000005) at pc=0x0000000076f015b0, pid=9576, tid=10080
#
# JRE version: 7.0_03-b05
# Java VM: Java HotSpot(TM) 64-Bit Server VM (22.1-b02 mixed mode windows-amd64 compressed oops)
# Problematic frame:
# C  [ntdll.dll+0x515b0]
#
# Failed to write core dump. Minidumps are not enabled by default on client versions of Windows
#
# If you would like to submit a bug report, please visit:
#   http://bugreport.sun.com/bugreport/crash.jsp
# The crash happened outside the Java Virtual Machine in native code.
# See problematic frame for where to report the bug.
#

---------------  T H R E A D  ---------------

Current thread (0x0000000009103000):  JavaThread "Thread-11" [_thread_in_native, id=10080, stack(0x000000000e920000,0x000000000ea20000)]

siginfo: ExceptionCode=0xc0000005, reading address 0x00000000098fa408

Registers:
RAX=0x0000002b78410000, RBX=0x00000000098fa400, RCX=0x000000ffffffffff, RDX=0x00000000073e09b0
RSP=0x000000000ea1df20, RBP=0x0000000000000000, RSI=0x00000000025e0000, RDI=0x00000000073e09c0
R8 =0x00000000073e09c0, R9 =0x746396e30fac0029, R10=0x0000000000000004, R11=0x000000000ea1df90
R12=0x0000000000000001, R13=0x00000000073e09b8, R14=0x000000000958dfa0, R15=0x0000000000000000
RIP=0x0000000076f015b0, EFLAGS=0x0000000000010206

Top of Stack: (sp=0x000000000ea1df20)
0x000000000ea1df20:   0000000000000001 0000000000000000
0x000000000ea1df30:   000000000958dfa0 00000000091031d0
0x000000000ea1df40:   0000000000000000 000000000ea1e090
0x000000000ea1df50:   000000000958dfa0 0000000076c52a8a
0x000000000ea1df60:   0000000000000000 000000000958dfa0
0x000000000ea1df70:   00000000073e09b8 0000000000000001
0x000000000ea1df80:   000000000ea1e090 0000000000000001
0x000000000ea1df90:   000000000ea1e130 0000000076c52a8a
0x000000000ea1dfa0:   000000000958dfa0 000000000ea1e0c8
0x000000000ea1dfb0:   0000000000000000 0000000061655f13
0x000000000ea1dfc0:   0000000000000000 0000000058eb8cc4
0x000000000ea1dfd0:   000000000ea1e090 0000000000000000
0x000000000ea1dfe0:   000000000a8fb6f2 00000000091031d0
0x000000000ea1dff0:   000000000ea1e0c8 0000000061651501
0x000000000ea1e000:   00000000073e09c0 0000000000000001
0x000000000ea1e010:   000000000ea1e090 00000000073e09b0 

Instructions: (pc=0x0000000076f015b0)
0x0000000076f01590:   ff ff 00 00 00 48 33 de 48 23 c1 48 c1 eb 04 48
0x0000000076f015a0:   33 d8 48 33 1d 1f 2e 0e 00 48 c1 e3 04 0f 0d 0b
0x0000000076f015b0:   4c 8b 63 08 49 bd 01 00 00 00 01 00 00 00 49 be
0x0000000076f015c0:   ff 7f 00 00 ff ff ff ff c6 42 0f 80 c6 42 0e 00 


Register to memory mapping:

RAX=0x0000002b78410000 is an unknown value
RBX=0x00000000098fa400 is an unknown value
RCX=0x000000ffffffffff is an unknown value
RDX=0x00000000073e09b0 is an unknown value
RSP=0x000000000ea1df20 is pointing into the stack for thread: 0x0000000009103000
RBP=0x0000000000000000 is an unknown value
RSI=0x00000000025e0000 is an unknown value
RDI=0x00000000073e09c0 is an unknown value
R8 =0x00000000073e09c0 is an unknown value
R9 =0x746396e30fac0029 is an unknown value
R10=0x0000000000000004 is an unknown value
R11=0x000000000ea1df90 is pointing into the stack for thread: 0x0000000009103000
R12=0x0000000000000001 is an unknown value
R13=0x00000000073e09b8 is an unknown value
R14=0x000000000958dfa0 is an unknown value
R15=0x0000000000000000 is an unknown value


Stack: [0x000000000e920000,0x000000000ea20000],  sp=0x000000000ea1df20,  free space=1015k
Native frames: (J=compiled Java code, j=interpreted, Vv=VM code, C=native code)
C  [ntdll.dll+0x515b0]  RtlFreeHeap+0xd0

[error occurred during error reporting (printing native stack), id 0xc0000005]

Java frames: (J=compiled Java code, j=interpreted, Vv=VM code)
j  uk.co.mmscomputing.device.twain.TwainSource.checkrc(I)V+74
j  uk.co.mmscomputing.device.twain.TwainSource.call(III[B)V+13
j  uk.co.mmscomputing.device.twain.TwainSource.handleGetMessage(I)I+34
j  uk.co.mmscomputing.device.twain.jtwain.cbhandleGetMessage(I)I+7
v  ~StubRoutines::call_stub
j  uk.co.mmscomputing.device.twain.jtwain.nstart()V+0
j  uk.co.mmscomputing.device.twain.jtwain.access$200()V+0
j  uk.co.mmscomputing.device.twain.jtwain$1.run()V+22
v  ~StubRoutines::call_stub

---------------  P R O C E S S  ---------------

Java Threads: ( => current thread )
  0x0000000009104800 JavaThread "Image Fetcher 0" daemon [_thread_blocked, id=6852, stack(0x0000000012490000,0x0000000012590000)]
  0x000000000910b800 JavaThread "Thread-58" [_thread_blocked, id=8720, stack(0x0000000010d70000,0x0000000010e70000)]
  0x0000000009102000 JavaThread "D3D Screen Updater" daemon [_thread_blocked, id=8476, stack(0x000000000d400000,0x000000000d500000)]
  0x0000000009103800 JavaThread "Swing-Shell" daemon [_thread_blocked, id=1320, stack(0x000000000fcb0000,0x000000000fdb0000)]
=>0x0000000009103000 JavaThread "Thread-11" [_thread_in_native, id=10080, stack(0x000000000e920000,0x000000000ea20000)]
  0x0000000009605000 JavaThread "AWT-EventQueue-0" [_thread_in_native, id=7764, stack(0x000000000d6e0000,0x000000000d7e0000)]
  0x0000000007ad8800 JavaThread "AWT-Windows" daemon [_thread_in_native, id=6032, stack(0x000000000a010000,0x000000000a110000)]
  0x0000000009101800 JavaThread "AWT-Shutdown" [_thread_blocked, id=9800, stack(0x0000000009d70000,0x0000000009e70000)]
  0x00000000078ba000 JavaThread "Java2D Disposer" daemon [_thread_blocked, id=2112, stack(0x0000000009c10000,0x0000000009d10000)]
  0x0000000007b39800 JavaThread "TimerQueue" daemon [_thread_blocked, id=9444, stack(0x0000000009b10000,0x0000000009c10000)]
  0x00000000078d0800 JavaThread "Service Thread" daemon [_thread_blocked, id=6408, stack(0x0000000008580000,0x0000000008680000)]
  0x000000000770b800 JavaThread "C2 CompilerThread1" daemon [_thread_blocked, id=3696, stack(0x0000000008850000,0x0000000008950000)]
  0x0000000007970800 JavaThread "C2 CompilerThread0" daemon [_thread_blocked, id=8620, stack(0x0000000008730000,0x0000000008830000)]
  0x0000000007462800 JavaThread "transaction-manager" daemon [_thread_blocked, id=8148, stack(0x0000000008480000,0x0000000008580000)]
  0x0000000006e1e000 JavaThread "Attach Listener" daemon [_thread_blocked, id=7644, stack(0x0000000007240000,0x0000000007340000)]
  0x0000000006dc8800 JavaThread "Signal Dispatcher" daemon [_thread_blocked, id=6288, stack(0x0000000006990000,0x0000000006a90000)]
  0x00000000026eb800 JavaThread "Finalizer" daemon [_thread_blocked, id=1860, stack(0x0000000006cb0000,0x0000000006db0000)]
  0x00000000026ea000 JavaThread "Reference Handler" daemon [_thread_blocked, id=5544, stack(0x0000000006b20000,0x0000000006c20000)]
  0x00000000025ed000 JavaThread "main" [_thread_blocked, id=10956, stack(0x0000000002860000,0x0000000002960000)]

Other Threads:
  0x00000000026e1800 VMThread [stack: 0x0000000006830000,0x0000000006930000] [id=9624]
  0x0000000007889000 WatcherThread [stack: 0x0000000008a00000,0x0000000008b00000] [id=7596]

VM state:not at safepoint (normal execution)

VM Mutex/Monitor currently owned by a thread: None

Heap
 PSYoungGen      total 70208K, used 50646K [0x00000000eb600000, 0x00000000f02a0000, 0x0000000100000000)
  eden space 63104K, 70% used [0x00000000eb600000,0x00000000ee18d220,0x00000000ef3a0000)
  from space 7104K, 85% used [0x00000000efaf0000,0x00000000f00d8878,0x00000000f01e0000)
  to   space 7488K, 0% used [0x00000000ef3a0000,0x00000000ef3a0000,0x00000000efaf0000)
 PSOldGen        total 42240K, used 10468K [0x00000000c2200000, 0x00000000c4b40000, 0x00000000eb600000)
  object space 42240K, 24% used [0x00000000c2200000,0x00000000c2c392e8,0x00000000c4b40000)
 PSPermGen       total 27008K, used 26900K [0x00000000bd000000, 0x00000000bea60000, 0x00000000c2200000)
  object space 27008K, 99% used [0x00000000bd000000,0x00000000bea45310,0x00000000bea60000)

Code Cache  [0x0000000002ab0000, 0x0000000002d20000, 0x0000000005ab0000)
 total_blobs=766 nmethods=257 adapters=461 free_code_cache=47712Kb largest_free_block=48666944

Dynamic libraries:
0x000000013fbb0000 - 0x000000013fbe3000 	C:\Program Files\Java\jdk1.7.0_03\jre\bin\java.exe
0x0000000076eb0000 - 0x000000007705c000 	C:\Windows\SYSTEM32\ntdll.dll
0x0000000076c30000 - 0x0000000076d4f000 	C:\Windows\system32\kernel32.dll
0x000007fefd5e0000 - 0x000007fefd64c000 	C:\Windows\system32\KERNELBASE.dll
0x000007fefd790000 - 0x000007fefd86b000 	C:\Windows\system32\ADVAPI32.dll
0x000007fefe020000 - 0x000007fefe0bf000 	C:\Windows\system32\msvcrt.dll
0x000007fefe000000 - 0x000007fefe01f000 	C:\Windows\SYSTEM32\sechost.dll
0x000007fefded0000 - 0x000007fefdffe000 	C:\Windows\system32\RPCRT4.dll
0x00000000769e0000 - 0x0000000076ada000 	C:\Windows\system32\USER32.dll
0x000007fefd720000 - 0x000007fefd787000 	C:\Windows\system32\GDI32.dll
0x000007fefdbf0000 - 0x000007fefdbfe000 	C:\Windows\system32\LPK.dll
0x000007fefd910000 - 0x000007fefd9da000 	C:\Windows\system32\USP10.dll
0x000007fefb8b0000 - 0x000007fefbaa4000 	C:\Windows\WinSxS\amd64_microsoft.windows.common-controls_6595b64144ccf1df_6.0.7600.16661_none_fa62ad231704eab7\COMCTL32.dll
0x000007fefde50000 - 0x000007fefdec1000 	C:\Windows\system32\SHLWAPI.dll
0x000007fefd6f0000 - 0x000007fefd71e000 	C:\Windows\system32\IMM32.DLL
0x000007fefdd40000 - 0x000007fefde49000 	C:\Windows\system32\MSCTF.dll
0x0000000058e50000 - 0x0000000058f21000 	C:\Program Files\Java\jdk1.7.0_03\jre\bin\msvcr100.dll
0x0000000050980000 - 0x000000005105a000 	C:\Program Files\Java\jdk1.7.0_03\jre\bin\server\jvm.dll
0x000007fefb790000 - 0x000007fefb799000 	C:\Windows\system32\WSOCK32.dll
0x000007fefdc50000 - 0x000007fefdc9d000 	C:\Windows\system32\WS2_32.dll
0x000007feff1b0000 - 0x000007feff1b8000 	C:\Windows\system32\NSI.dll
0x000007fefbed0000 - 0x000007fefbf0b000 	C:\Windows\system32\WINMM.dll
0x0000000077070000 - 0x0000000077077000 	C:\Windows\system32\PSAPI.DLL
0x0000000061650000 - 0x000000006165f000 	C:\Program Files\Java\jdk1.7.0_03\jre\bin\verify.dll
0x000000005fd00000 - 0x000000005fd28000 	C:\Program Files\Java\jdk1.7.0_03\jre\bin\java.dll
0x0000000074300000 - 0x0000000074323000 	C:\Program Files\Java\jdk1.7.0_03\jre\bin\instrument.dll
0x00000000607f0000 - 0x0000000060805000 	C:\Program Files\Java\jdk1.7.0_03\jre\bin\zip.dll
0x0000000056cc0000 - 0x0000000056e54000 	C:\Program Files\Java\jdk1.7.0_03\jre\bin\awt.dll
0x000007feff0d0000 - 0x000007feff1a7000 	C:\Windows\system32\OLEAUT32.dll
0x000007fefd9e0000 - 0x000007fefdbe2000 	C:\Windows\system32\ole32.dll
0x000000005faf0000 - 0x000000005fb09000 	C:\Program Files\Java\jdk1.7.0_03\jre\bin\net.dll
0x000007fefcb80000 - 0x000007fefcbd4000 	C:\Windows\system32\mswsock.dll
0x000007fefcda0000 - 0x000007fefcda7000 	C:\Windows\System32\wship6.dll
0x000007fefbc20000 - 0x000007fefbc35000 	C:\Windows\system32\NLAapi.dll
0x000007fefca10000 - 0x000007fefca6b000 	C:\Windows\system32\DNSAPI.dll
0x000007fef87d0000 - 0x000007fef87db000 	C:\Windows\System32\winrnr.dll
0x000007fef8710000 - 0x000007fef8725000 	C:\Windows\system32\napinsp.dll
0x000007fef86f0000 - 0x000007fef8709000 	C:\Windows\system32\pnrpnsp.dll
0x000007fef86e0000 - 0x000007fef86f0000 	C:\Windows\system32\wshbth.dll
0x000007fef8b20000 - 0x000007fef8b4f000 	C:\Program Files\Common Files\Microsoft Shared\Windows Live\WLIDNSP.DLL
0x000007fefc5b0000 - 0x000007fefc5b7000 	C:\Windows\System32\wshtcpip.dll
0x000007fefb6f0000 - 0x000007fefb717000 	C:\Windows\system32\IPHLPAPI.DLL
0x000007fefb750000 - 0x000007fefb75b000 	C:\Windows\system32\WINNSI.DLL
0x000007fef8b10000 - 0x000007fef8b18000 	C:\Windows\system32\rasadhlp.dll
0x000007fefb5a0000 - 0x000007fefb5f3000 	C:\Windows\System32\fwpuclnt.dll
0x000000005bf60000 - 0x000000005bf84000 	C:\Program Files\Java\jdk1.7.0_03\jre\bin\sunec.dll
0x000007fefcbe0000 - 0x000007fefcbf7000 	C:\Windows\system32\CRYPTSP.dll
0x000007fefc8f0000 - 0x000007fefc937000 	C:\Windows\system32\rsaenh.dll
0x000007fefc620000 - 0x000007fefc63e000 	C:\Windows\system32\USERENV.dll
0x000007fefd320000 - 0x000007fefd32f000 	C:\Windows\system32\profapi.dll
0x000007fefd310000 - 0x000007fefd31f000 	C:\Windows\system32\CRYPTBASE.dll
0x000000005ccb0000 - 0x000000005ccc1000 	C:\Program Files\Java\jdk1.7.0_03\jre\bin\nio.dll
0x000007fefab50000 - 0x000007fefaba6000 	C:\Windows\system32\uxtheme.dll
0x0000000010000000 - 0x00000000100ba000 	C:\Program Files\DigitalPersona\Bin\DpoFeedb.dll
0x000007fefa440000 - 0x000007fefa458000 	C:\Windows\system32\dwmapi.dll
0x00000000026f0000 - 0x0000000002781000 	C:\Program Files\DigitalPersona\Bin\DpoSet.dll
0x000007fefe0c0000 - 0x000007fefee46000 	C:\Windows\system32\SHELL32.dll
0x000007feeb520000 - 0x000007feeb71f000 	C:\Windows\system32\d3d9.dll
0x000007fefc4e0000 - 0x000007fefc4ec000 	C:\Windows\system32\VERSION.dll
0x000007fefb610000 - 0x000007fefb617000 	C:\Windows\system32\d3d8thk.dll
0x000007fee8cf0000 - 0x000007fee963e000 	C:\Windows\system32\nvd3dumx.dll
0x000007fefc220000 - 0x000007fefc24c000 	C:\Windows\system32\powrprof.dll
0x000007fefeef0000 - 0x000007feff0c7000 	C:\Windows\system32\SETUPAPI.dll
0x000007fefd3d0000 - 0x000007fefd406000 	C:\Windows\system32\CFGMGR32.dll
0x000007fefd450000 - 0x000007fefd46a000 	C:\Windows\system32\DEVOBJ.dll
0x000000005bf90000 - 0x000000005bfc4000 	C:\Program Files\Java\jdk1.7.0_03\jre\bin\fontmanager.dll
0x00000000599c0000 - 0x0000000059a01000 	C:\Program Files\Java\jdk1.7.0_03\jre\bin\t2k.dll
0x0000000180000000 - 0x000000018001d000 	C:\Users\Marcos\AppData\Local\Temp\mmsc\mmsc5298526020627500986jtwain.dll
0x00000000067c0000 - 0x0000000006825000 	C:\Program Files\WIDCOMM\Bluetooth Software\btmmhook.dll
0x0000000002a60000 - 0x0000000002a8c000 	C:\Windows\system32\TWAINDSM.DLL
0x000007fef3c30000 - 0x000007fef3cd0000 	C:\Windows\WinSxS\amd64_microsoft.windows.common-controls_6595b64144ccf1df_5.82.7600.16661_none_a44e1fc257f685f6\comctl32.dll
0x000007fefd870000 - 0x000007fefd909000 	C:\Windows\system32\CLBCatQ.DLL
0x000007fefbf10000 - 0x000007fefc03c000 	C:\Windows\system32\propsys.dll
0x000007fefc310000 - 0x000007fefc33d000 	C:\Windows\system32\ntmarta.dll
0x000007fefdc00000 - 0x000007fefdc50000 	C:\Windows\system32\WLDAP32.dll
0x000007fefd2b0000 - 0x000007fefd307000 	C:\Windows\system32\apphelp.dll
0x000007fef1940000 - 0x000007fef1adc000 	C:\Windows\system32\NetworkExplorer.dll
0x000007fef2ca0000 - 0x000007fef2cd3000 	C:\Windows\System32\shdocvw.dll
0x000007fefbc10000 - 0x000007fefbc1b000 	C:\Windows\system32\slc.dll
0x000007fef8b50000 - 0x000007fef8b68000 	C:\Windows\system32\MPR.dll
0x000007fef31c0000 - 0x000007fef31ca000 	C:\Windows\System32\drprov.dll
0x000007fefc6f0000 - 0x000007fefc72d000 	C:\Windows\System32\WINSTA.dll
0x000007fef29b0000 - 0x000007fef29d2000 	C:\Windows\System32\ntlanman.dll
0x000007fef2990000 - 0x000007fef29ac000 	C:\Windows\System32\davclnt.dll
0x000007fef2920000 - 0x000007fef292a000 	C:\Windows\System32\DAVHLPR.dll
0x000007fef2570000 - 0x000007fef2588000 	C:\Windows\system32\LMIRfsClientNP.dll
0x000007fefad60000 - 0x000007fefad75000 	C:\Windows\system32\wkscli.dll
0x000007fef8af0000 - 0x000007fef8aff000 	C:\Windows\system32\cscapi.dll
0x000007fefad80000 - 0x000007fefad8c000 	C:\Windows\system32\netutils.dll
0x000007fee9640000 - 0x000007fee98b1000 	C:\Windows\system32\wpdshext.dll
0x000007fefa930000 - 0x000007fefab45000 	C:\Windows\WinSxS\amd64_microsoft.windows.gdiplus_6595b64144ccf1df_1.1.7600.16385_none_2b4f45e87195fcc4\gdiplus.dll
0x000007fef5120000 - 0x000007fef51dd000 	C:\Windows\system32\PortableDeviceApi.dll
0x000007fefd410000 - 0x000007fefd44a000 	C:\Windows\system32\WINTRUST.dll
0x000007fefd470000 - 0x000007fefd5d6000 	C:\Windows\system32\CRYPT32.dll
0x000007fefd3c0000 - 0x000007fefd3cf000 	C:\Windows\system32\MSASN1.dll
0x000007fef3b00000 - 0x000007fef3b35000 	C:\Windows\system32\EhStorShell.dll
0x000007fef50a0000 - 0x000007fef50c7000 	C:\Windows\system32\EhStorAPI.dll
0x000007fef3990000 - 0x000007fef399c000 	C:\Windows\system32\LINKINFO.dll
0x000007fefa2e0000 - 0x000007fefa40a000 	C:\Windows\system32\WindowsCodecs.dll
0x0000000074260000 - 0x0000000074276000 	C:\Program Files\Common Files\TortoiseOverlays\TortoiseOverlays.dll
0x000007fef35a0000 - 0x000007fef37bc000 	C:\Program Files\TortoiseCVS\TortoiseShell64.dll
0x0000000070ae0000 - 0x0000000070bb3000 	C:\Windows\WinSxS\amd64_microsoft.vc90.crt_1fc8b3b9a1e18e3b_9.0.30729.4926_none_08e1a05ba83fe554\MSVCP90.dll
0x00000000711a0000 - 0x000000007123d000 	C:\Windows\WinSxS\amd64_microsoft.vc90.crt_1fc8b3b9a1e18e3b_9.0.30729.4926_none_08e1a05ba83fe554\MSVCR90.dll
0x000007fef9e90000 - 0x000007fef9f00000 	C:\Windows\system32\WINSPOOL.DRV
0x000007fefdca0000 - 0x000007fefdd38000 	C:\Windows\system32\COMDLG32.dll
0x0000000074200000 - 0x0000000074210000 	C:\Program Files\TortoiseSVN\bin\TortoiseStub.dll
0x00000000706f0000 - 0x000000007076b000 	C:\Program Files\TortoiseSVN\bin\TortoiseSVN.dll
0x0000000076d50000 - 0x0000000076eaa000 	C:\Windows\system32\WININET.dll
0x0000000077080000 - 0x0000000077083000 	C:\Windows\system32\Normaliz.dll
0x00000000767d0000 - 0x00000000769df000 	C:\Windows\system32\iertutil.dll
0x0000000076ae0000 - 0x0000000076c2d000 	C:\Windows\system32\urlmon.dll
0x000007fef31d0000 - 0x000007fef359e000 	C:\Program Files\TortoiseSVN\bin\libsvn_tsvn.dll
0x0000000074230000 - 0x000000007425b000 	C:\Program Files\TortoiseSVN\bin\libapr_tsvn.dll
0x00000000741b0000 - 0x00000000741f1000 	C:\Program Files\TortoiseSVN\bin\libaprutil_tsvn.dll
0x000007fef3cd0000 - 0x000007fef3ce0000 	C:\Program Files\TortoiseSVN\bin\intl3_tsvn.dll
0x000007fef3b40000 - 0x000007fef3b5a000 	C:\Program Files\TortoiseSVN\bin\libsasl.dll
0x000007fefd230000 - 0x000007fefd23b000 	C:\Windows\system32\Secur32.dll
0x000007fefd280000 - 0x000007fefd2a5000 	C:\Windows\system32\SSPICLI.DLL
0x0000000070410000 - 0x00000000704a8000 	C:\Windows\system32\MSVCP100.dll
0x000007fef3a40000 - 0x000007fef3afb000 	C:\Program Files (x86)\Google\Drive\googledrivesync64.dll
0x000007fef39c0000 - 0x000007fef3a3e000 	C:\Windows\System32\cscui.dll
0x000007fef39b0000 - 0x000007fef39bc000 	C:\Windows\System32\CSCDLL.dll
0x000007feebc70000 - 0x000007feebd04000 	C:\Windows\twain_64\sample2\TWAINDS_Sample64.ds
0x0000000011990000 - 0x0000000011b10000 	C:\Windows\twain_64\sample2\FreeImagex64.dll
0x0000000067000000 - 0x0000000067284000 	C:\Windows\twain_64\sample2\QtCore4.dll
0x0000000065000000 - 0x000000006590e000 	C:\Windows\twain_64\sample2\QtGui4.dll
0x000007fefcd80000 - 0x000007fefcd94000 	C:\Windows\system32\RpcRtRemote.dll
0x000007fef4ef0000 - 0x000007fef5015000 	C:\Windows\system32\dbghelp.dll

VM Arguments:
jvm_args: -Xbootclasspath/p:C:\Program Files\NetBeans 7.1.1\enterprise\modules\ext\javaee6-endorsed\javax.annotation.jar;C:\Program Files\NetBeans 7.1.1\enterprise\modules\ext\javaee6-endorsed\jaxb-api-osgi.jar;C:\Program Files\NetBeans 7.1.1\enterprise\modules\ext\javaee6-endorsed\webservices-api-osgi.jar -Djava.endorsed.dirs=C:\Program Files\glassfish-3.1.2\glassfish\lib\endorsed;C:\Program Files\glassfish-3.1.2\glassfish\modules\endorsed -javaagent:C:\Program Files\glassfish-3.1.2\glassfish\lib\gf-client.jar=mode=acscript,arg=-configxml,arg=C:\Users\Marcos\.netbeans\7.1.1\config\GF3\domain1\config\sun-acc.xml,client=class=uk.co.mmscomputing.application.imageviewer.MainApp -Djava.system.class.loader=org.glassfish.appclient.client.acc.agent.ACCAgentClassLoader 
java_command: C:\Users\Marcos\Documents\NetBeansProjects\TestMariano\ScanApp\dist\ScanAppClient.jar
Launcher Type: SUN_STANDARD

Environment Variables:
PATH=C:\Program Files\Common Files\Microsoft Shared\Windows Live;C:\Program Files (x86)\Common Files\Microsoft Shared\Windows Live;C:\Windows\system32;C:\Windows;C:\Windows\System32\Wbem;C:\Windows\System32\WindowsPowerShell\v1.0\;C:\Program Files\Dell\DW WLAN Card\Driver;c:\Program Files\WIDCOMM\Bluetooth Software\;c:\Program Files\WIDCOMM\Bluetooth Software\syswow64;C:\Program Files (x86)\Common Files\Roxio Shared\DLLShared\;C:\Program Files (x86)\Common Files\Roxio Shared\10.0\DLLShared\;C:\Program Files (x86)\Microsoft SQL Server\90\Tools\binn\;C:\Program Files\TortoiseSVN\bin;C:\Program Files (x86)\Windows Live\Shared;C:\Program Files (x86)\SQL Anywhere 11\bin64;C:\Program Files (x86)\SQL Anywhere 11\bin32;C:\Program Files (x86)\Sybase\Shared\PowerBuilder;C:\Program Files (x86)\Sybase\PowerBuilder 12.0;C:\Windows\Microsoft.NET\Framework\v3.5;C:\Windows\Microsoft.NET\Framework\v2.0.50727;C:\Windows\Microsoft.NET\Framework\v3.5;C:\Windows\Microsoft.NET\Framework\v2.0.50727;C:\Program Files (x86)\CVSNT\
USERNAME=Marcos
OS=Windows_NT
PROCESSOR_IDENTIFIER=Intel64 Family 6 Model 37 Stepping 2, GenuineIntel



---------------  S Y S T E M  ---------------

OS: Windows 7 , 64 bit Build 7600 

CPU:total 4 (2 cores per cpu, 2 threads per core) family 6 model 37 stepping 2, cmov, cx8, fxsr, mmx, sse, sse2, sse3, ssse3, sse4.1, sse4.2, popcnt, ht

Memory: 4k page, physical 4053612k(491968k free), swap 8105320k(1768600k free)

vm_info: Java HotSpot(TM) 64-Bit Server VM (22.1-b02) for windows-amd64 JRE (1.7.0_03-b05), built on Feb  3 2012 20:43:56 by "java_re" with unknown MS VC++:1600

time: Sat Oct 27 16:03:09 2012
elapsed time: 82 seconds

