#
# A fatal error has been detected by the Java Runtime Environment:
#
#  EXCEPTION_ACCESS_VIOLATION (0xc0000005) at pc=0x0000000076f01612, pid=8144, tid=8440
#
# JRE version: 7.0_03-b05
# Java VM: Java HotSpot(TM) 64-Bit Server VM (22.1-b02 mixed mode windows-amd64 compressed oops)
# Problematic frame:
# C  [ntdll.dll+0x51612]
#
# Failed to write core dump. Minidumps are not enabled by default on client versions of Windows
#
# If you would like to submit a bug report, please visit:
#   http://bugreport.sun.com/bugreport/crash.jsp
# The crash happened outside the Java Virtual Machine in native code.
# See problematic frame for where to report the bug.
#

---------------  T H R E A D  ---------------

Current thread (0x0000000008de7800):  JavaThread "Thread-2" [_thread_in_native, id=8440, stack(0x000000000acf0000,0x000000000adf0000)]

siginfo: ExceptionCode=0xc0000005, writing address 0x0000000000000000

Registers:
RAX=0x0000000000000000, RBX=0x0000000006c197c0, RCX=0x000000ffffffffff, RDX=0x0000000006cb0280
RSP=0x000000000adee250, RBP=0x0000000000000001, RSI=0x0000000001e80000, RDI=0x0000000006cb0290
R8 =0x0000000000000000, R9 =0x0000006db0280001, R10=0x0000000000000003, R11=0x000000000adee300
R12=0x0000000000000000, R13=0x0000000100000001, R14=0xffffffff00007fff, R15=0x00000000ffff0000
RIP=0x0000000076f01612, EFLAGS=0x0000000000010202

Top of Stack: (sp=0x000000000adee250)
0x000000000adee250:   0000b44cf14ec5d2 00000000077c2ca8
0x000000000adee260:   0000000000000004 0000000009162201
0x000000000adee270:   0000000000000003 0000000000000001
0x000000000adee280:   0000000000000108 0000000000000003
0x000000000adee290:   0000000000000001 0000000000000000
0x000000000adee2a0:   0000000009162240 0000000008de79d0
0x000000000adee2b0:   0000000000000000 000000000adee400
0x000000000adee2c0:   0000000009162240 0000000076c52a8a
0x000000000adee2d0:   0000000009162240 0000000000000000
0x000000000adee2e0:   0000000000000001 000000000adee400
0x000000000adee2f0:   0000000009162240 0000000058eb8cc4
0x000000000adee300:   0000000000000002 0000000000000001
0x000000000adee310:   0000000009162240 0000000000000000
0x000000000adee320:   0000000000000000 0000000061655f13
0x000000000adee330:   0000000000000000 0000000009162240
0x000000000adee340:   000000000adee400 0000000000000000 

Instructions: (pc=0x0000000076f01612)
0x0000000076f015f2:   00 00 48 c1 e8 10 66 89 42 10 48 8b c2 49 2b c4
0x0000000076f01602:   48 c1 e0 0c 48 25 00 00 ff ff 4c 0b c8 48 8b 03
0x0000000076f01612:   48 89 18 49 8b c0 f0 4c 0f b1 4b 10 75 b6 4c 8b
0x0000000076f01622:   7c 24 40 4c 8b 74 24 48 4c 8b 6c 24 50 66 45 85 


Register to memory mapping:

RAX=0x0000000000000000 is an unknown value
RBX=0x0000000006c197c0 is an unknown value
RCX=0x000000ffffffffff is an unknown value
RDX=0x0000000006cb0280 is an unknown value
RSP=0x000000000adee250 is pointing into the stack for thread: 0x0000000008de7800
RBP=0x0000000000000001 is an unknown value
RSI=0x0000000001e80000 is an unknown value
RDI=0x0000000006cb0290 is an unknown value
R8 =0x0000000000000000 is an unknown value
R9 =0x0000006db0280001 is an unknown value
R10=0x0000000000000003 is an unknown value
R11=0x000000000adee300 is pointing into the stack for thread: 0x0000000008de7800
R12=0x0000000000000000 is an unknown value
R13=0x0000000100000001 is an unknown value
R14=0xffffffff00007fff is an unknown value
R15=0x00000000ffff0000 is an unallocated location in the heap


Stack: [0x000000000acf0000,0x000000000adf0000],  sp=0x000000000adee250,  free space=1016k
Native frames: (J=compiled Java code, j=interpreted, Vv=VM code, C=native code)
C  [ntdll.dll+0x51612]  RtlFreeHeap+0x132

Java frames: (J=compiled Java code, j=interpreted, Vv=VM code)
j  uk.co.mmscomputing.device.twain.TwainSource.checkrc(I)V+74
j  uk.co.mmscomputing.device.twain.TwainSource.call(III[B)V+13
j  uk.co.mmscomputing.device.twain.TwainSource.handleGetMessage(I)I+34
j  uk.co.mmscomputing.device.twain.jtwain.cbhandleGetMessage(I)I+7
v  ~StubRoutines::call_stub
j  uk.co.mmscomputing.device.twain.jtwain.nstart()V+0
j  uk.co.mmscomputing.device.twain.jtwain.access$200()V+0
j  uk.co.mmscomputing.device.twain.jtwain$1.run()V+22
v  ~StubRoutines::call_stub

---------------  P R O C E S S  ---------------

Java Threads: ( => current thread )
  0x0000000001e8d000 JavaThread "DestroyJavaVM" [_thread_blocked, id=10844, stack(0x00000000025b0000,0x00000000026b0000)]
=>0x0000000008de7800 JavaThread "Thread-2" [_thread_in_native, id=8440, stack(0x000000000acf0000,0x000000000adf0000)]
  0x00000000076be000 JavaThread "Service Thread" daemon [_thread_blocked, id=10536, stack(0x0000000008bf0000,0x0000000008cf0000)]
  0x0000000007711800 JavaThread "C2 CompilerThread1" daemon [_thread_blocked, id=1096, stack(0x0000000008ae0000,0x0000000008be0000)]
  0x00000000071e6000 JavaThread "C2 CompilerThread0" daemon [_thread_blocked, id=9460, stack(0x0000000008820000,0x0000000008920000)]
  0x0000000007653000 JavaThread "JDWP Command Reader" daemon [_thread_in_native, id=11068, stack(0x00000000086f0000,0x00000000087f0000)]
  0x00000000071b1800 JavaThread "JDWP Event Helper Thread" daemon [_thread_blocked, id=10532, stack(0x0000000008120000,0x0000000008220000)]
  0x00000000074c3000 JavaThread "JDWP Transport Listener: dt_shmem" daemon [_thread_blocked, id=6420, stack(0x0000000008520000,0x0000000008620000)]
  0x00000000071d9000 JavaThread "transaction-manager" daemon [_thread_blocked, id=7944, stack(0x0000000008410000,0x0000000008510000)]
  0x000000000616e800 JavaThread "Attach Listener" daemon [_thread_blocked, id=10416, stack(0x0000000007010000,0x0000000007110000)]
  0x0000000006a47800 JavaThread "Signal Dispatcher" daemon [_thread_blocked, id=4056, stack(0x0000000006e20000,0x0000000006f20000)]
  0x0000000002478000 JavaThread "Finalizer" daemon [_thread_blocked, id=5252, stack(0x0000000006920000,0x0000000006a20000)]
  0x0000000002476800 JavaThread "Reference Handler" daemon [_thread_blocked, id=9368, stack(0x0000000006630000,0x0000000006730000)]

Other Threads:
  0x000000000246e000 VMThread [stack: 0x0000000006780000,0x0000000006880000] [id=10508]
  0x00000000071b8800 WatcherThread [stack: 0x0000000008980000,0x0000000008a80000] [id=11248]

VM state:not at safepoint (normal execution)

VM Mutex/Monitor currently owned by a thread: None

Heap
 PSYoungGen      total 66112K, used 46154K [0x00000000eb600000, 0x00000000ef920000, 0x0000000100000000)
  eden space 63488K, 68% used [0x00000000eb600000,0x00000000ee088ef0,0x00000000ef400000)
  from space 2624K, 99% used [0x00000000ef690000,0x00000000ef919ab8,0x00000000ef920000)
  to   space 2624K, 0% used [0x00000000ef400000,0x00000000ef400000,0x00000000ef690000)
 PSOldGen        total 42240K, used 10915K [0x00000000c2200000, 0x00000000c4b40000, 0x00000000eb600000)
  object space 42240K, 25% used [0x00000000c2200000,0x00000000c2ca8fa8,0x00000000c4b40000)
 PSPermGen       total 21248K, used 16278K [0x00000000bd000000, 0x00000000be4c0000, 0x00000000c2200000)
  object space 21248K, 76% used [0x00000000bd000000,0x00000000bdfe5ac0,0x00000000be4c0000)

Code Cache  [0x00000000026b0000, 0x0000000002920000, 0x00000000056b0000)
 total_blobs=330 nmethods=61 adapters=229 free_code_cache=48313Kb largest_free_block=49425984

Dynamic libraries:
0x000000013fbb0000 - 0x000000013fbe3000 	C:\Program Files\Java\jdk1.7.0_03\jre\bin\java.exe
0x0000000076eb0000 - 0x000000007705c000 	C:\Windows\SYSTEM32\ntdll.dll
0x0000000076c30000 - 0x0000000076d4f000 	C:\Windows\system32\kernel32.dll
0x000007fefd5e0000 - 0x000007fefd64c000 	C:\Windows\system32\KERNELBASE.dll
0x000007fefd790000 - 0x000007fefd86b000 	C:\Windows\system32\ADVAPI32.dll
0x000007fefe020000 - 0x000007fefe0bf000 	C:\Windows\system32\msvcrt.dll
0x000007fefe000000 - 0x000007fefe01f000 	C:\Windows\SYSTEM32\sechost.dll
0x000007fefded0000 - 0x000007fefdffe000 	C:\Windows\system32\RPCRT4.dll
0x00000000769e0000 - 0x0000000076ada000 	C:\Windows\system32\USER32.dll
0x000007fefd720000 - 0x000007fefd787000 	C:\Windows\system32\GDI32.dll
0x000007fefdbf0000 - 0x000007fefdbfe000 	C:\Windows\system32\LPK.dll
0x000007fefd910000 - 0x000007fefd9da000 	C:\Windows\system32\USP10.dll
0x000007fefb8b0000 - 0x000007fefbaa4000 	C:\Windows\WinSxS\amd64_microsoft.windows.common-controls_6595b64144ccf1df_6.0.7600.16661_none_fa62ad231704eab7\COMCTL32.dll
0x000007fefde50000 - 0x000007fefdec1000 	C:\Windows\system32\SHLWAPI.dll
0x000007fefd6f0000 - 0x000007fefd71e000 	C:\Windows\system32\IMM32.DLL
0x000007fefdd40000 - 0x000007fefde49000 	C:\Windows\system32\MSCTF.dll
0x0000000058e50000 - 0x0000000058f21000 	C:\Program Files\Java\jdk1.7.0_03\jre\bin\msvcr100.dll
0x0000000050980000 - 0x000000005105a000 	C:\Program Files\Java\jdk1.7.0_03\jre\bin\server\jvm.dll
0x000007fefb790000 - 0x000007fefb799000 	C:\Windows\system32\WSOCK32.dll
0x000007fefdc50000 - 0x000007fefdc9d000 	C:\Windows\system32\WS2_32.dll
0x000007feff1b0000 - 0x000007feff1b8000 	C:\Windows\system32\NSI.dll
0x000007fefbed0000 - 0x000007fefbf0b000 	C:\Windows\system32\WINMM.dll
0x0000000077070000 - 0x0000000077077000 	C:\Windows\system32\PSAPI.DLL
0x0000000061650000 - 0x000000006165f000 	C:\Program Files\Java\jdk1.7.0_03\jre\bin\verify.dll
0x000000005fd00000 - 0x000000005fd28000 	C:\Program Files\Java\jdk1.7.0_03\jre\bin\java.dll
0x0000000072b80000 - 0x0000000072bb5000 	C:\Program Files\Java\jdk1.7.0_03\jre\bin\jdwp.dll
0x0000000074300000 - 0x0000000074323000 	C:\Program Files\Java\jdk1.7.0_03\jre\bin\instrument.dll
0x00000000735d0000 - 0x00000000735d8000 	C:\Program Files\Java\jdk1.7.0_03\jre\bin\npt.dll
0x00000000607f0000 - 0x0000000060805000 	C:\Program Files\Java\jdk1.7.0_03\jre\bin\zip.dll
0x000000005faf0000 - 0x000000005fb09000 	C:\Program Files\Java\jdk1.7.0_03\jre\bin\net.dll
0x000007fefcb80000 - 0x000007fefcbd4000 	C:\Windows\system32\mswsock.dll
0x000007fefcda0000 - 0x000007fefcda7000 	C:\Windows\System32\wship6.dll
0x000007fefbc20000 - 0x000007fefbc35000 	C:\Windows\system32\NLAapi.dll
0x000007fefca10000 - 0x000007fefca6b000 	C:\Windows\system32\DNSAPI.dll
0x000007fef87d0000 - 0x000007fef87db000 	C:\Windows\System32\winrnr.dll
0x000007fef8710000 - 0x000007fef8725000 	C:\Windows\system32\napinsp.dll
0x000007fef86f0000 - 0x000007fef8709000 	C:\Windows\system32\pnrpnsp.dll
0x000007fef86e0000 - 0x000007fef86f0000 	C:\Windows\system32\wshbth.dll
0x000007fef8b20000 - 0x000007fef8b4f000 	C:\Program Files\Common Files\Microsoft Shared\Windows Live\WLIDNSP.DLL
0x000007fefc5b0000 - 0x000007fefc5b7000 	C:\Windows\System32\wshtcpip.dll
0x000007fefb6f0000 - 0x000007fefb717000 	C:\Windows\system32\IPHLPAPI.DLL
0x000007fefb750000 - 0x000007fefb75b000 	C:\Windows\system32\WINNSI.DLL
0x000007fef8b10000 - 0x000007fef8b18000 	C:\Windows\system32\rasadhlp.dll
0x000007fefb5a0000 - 0x000007fefb5f3000 	C:\Windows\System32\fwpuclnt.dll
0x000000005bf60000 - 0x000000005bf84000 	C:\Program Files\Java\jdk1.7.0_03\jre\bin\sunec.dll
0x000007fefcbe0000 - 0x000007fefcbf7000 	C:\Windows\system32\CRYPTSP.dll
0x000007fefc8f0000 - 0x000007fefc937000 	C:\Windows\system32\rsaenh.dll
0x000007fefc620000 - 0x000007fefc63e000 	C:\Windows\system32\USERENV.dll
0x000007fefd320000 - 0x000007fefd32f000 	C:\Windows\system32\profapi.dll
0x000007fefd310000 - 0x000007fefd31f000 	C:\Windows\system32\CRYPTBASE.dll
0x000000005ccb0000 - 0x000000005ccc1000 	C:\Program Files\Java\jdk1.7.0_03\jre\bin\nio.dll
0x0000000073980000 - 0x000000007398b000 	C:\Program Files\Java\jdk1.7.0_03\jre\bin\dt_shmem.dll
0x0000000180000000 - 0x000000018001d000 	C:\Users\Marcos\AppData\Local\Temp\mmsc\mmsc5504954092568166676jtwain.dll
0x000007fefab50000 - 0x000007fefaba6000 	C:\Windows\system32\uxtheme.dll
0x0000000010000000 - 0x00000000100ba000 	C:\Program Files\DigitalPersona\Bin\DpoFeedb.dll
0x000007feff0d0000 - 0x000007feff1a7000 	C:\Windows\system32\OLEAUT32.dll
0x000007fefd9e0000 - 0x000007fefdbe2000 	C:\Windows\system32\ole32.dll
0x000007fefa440000 - 0x000007fefa458000 	C:\Windows\system32\dwmapi.dll
0x0000000005bf0000 - 0x0000000005c55000 	C:\Program Files\WIDCOMM\Bluetooth Software\btmmhook.dll
0x000007fefe0c0000 - 0x000007fefee46000 	C:\Windows\system32\SHELL32.dll
0x0000000001e90000 - 0x0000000001ebc000 	C:\Windows\system32\TWAINDSM.DLL
0x0000000006880000 - 0x0000000006911000 	C:\Program Files\DigitalPersona\Bin\DpoSet.dll
0x000007feebc70000 - 0x000007feebd04000 	C:\Windows\twain_64\sample2\TWAINDS_Sample64.ds
0x000000000c580000 - 0x000000000c700000 	C:\Windows\twain_64\sample2\FreeImagex64.dll
0x0000000067000000 - 0x0000000067284000 	C:\Windows\twain_64\sample2\QtCore4.dll
0x0000000065000000 - 0x000000006590e000 	C:\Windows\twain_64\sample2\QtGui4.dll
0x000007fefdca0000 - 0x000007fefdd38000 	C:\Windows\system32\COMDLG32.dll
0x000007fef9e90000 - 0x000007fef9f00000 	C:\Windows\system32\WINSPOOL.DRV
0x000007fefd870000 - 0x000007fefd909000 	C:\Windows\system32\CLBCatQ.DLL
0x000007fefcd80000 - 0x000007fefcd94000 	C:\Windows\system32\RpcRtRemote.dll

VM Arguments:
jvm_args: -Xbootclasspath/p:C:\Program Files\NetBeans 7.1.1\enterprise\modules\ext\javaee6-endorsed\javax.annotation.jar;C:\Program Files\NetBeans 7.1.1\enterprise\modules\ext\javaee6-endorsed\jaxb-api-osgi.jar;C:\Program Files\NetBeans 7.1.1\enterprise\modules\ext\javaee6-endorsed\webservices-api-osgi.jar -Djava.endorsed.dirs=C:\Program Files\glassfish-3.1.2\glassfish\lib\endorsed;C:\Program Files\glassfish-3.1.2\glassfish\modules\endorsed -javaagent:C:\Program Files\glassfish-3.1.2\glassfish\lib\gf-client.jar=mode=acscript,arg=-configxml,arg=C:\Users\Marcos\.netbeans\7.1.1\config\GF3\domain1\config\sun-acc.xml,client=class=scanapp.TwainTest -Xrunjdwp:transport=dt_shmem,address=javadebug -Xdebug -Djava.system.class.loader=org.glassfish.appclient.client.acc.agent.ACCAgentClassLoader 
java_command: C:\Users\Marcos\Documents\NetBeansProjects\TestMariano\ScanApp\dist\ScanAppClient.jar
Launcher Type: SUN_STANDARD

Environment Variables:
PATH=C:\Program Files\Common Files\Microsoft Shared\Windows Live;C:\Program Files (x86)\Common Files\Microsoft Shared\Windows Live;C:\Windows\system32;C:\Windows;C:\Windows\System32\Wbem;C:\Windows\System32\WindowsPowerShell\v1.0\;C:\Program Files\Dell\DW WLAN Card\Driver;c:\Program Files\WIDCOMM\Bluetooth Software\;c:\Program Files\WIDCOMM\Bluetooth Software\syswow64;C:\Program Files (x86)\Common Files\Roxio Shared\DLLShared\;C:\Program Files (x86)\Common Files\Roxio Shared\10.0\DLLShared\;C:\Program Files (x86)\Microsoft SQL Server\90\Tools\binn\;C:\Program Files\TortoiseSVN\bin;C:\Program Files (x86)\Windows Live\Shared;C:\Program Files (x86)\SQL Anywhere 11\bin64;C:\Program Files (x86)\SQL Anywhere 11\bin32;C:\Program Files (x86)\Sybase\Shared\PowerBuilder;C:\Program Files (x86)\Sybase\PowerBuilder 12.0;C:\Windows\Microsoft.NET\Framework\v3.5;C:\Windows\Microsoft.NET\Framework\v2.0.50727;C:\Windows\Microsoft.NET\Framework\v3.5;C:\Windows\Microsoft.NET\Framework\v2.0.50727;C:\Program Files (x86)\CVSNT\
USERNAME=Marcos
OS=Windows_NT
PROCESSOR_IDENTIFIER=Intel64 Family 6 Model 37 Stepping 2, GenuineIntel



---------------  S Y S T E M  ---------------

OS: Windows 7 , 64 bit Build 7600 

CPU:total 4 (2 cores per cpu, 2 threads per core) family 6 model 37 stepping 2, cmov, cx8, fxsr, mmx, sse, sse2, sse3, ssse3, sse4.1, sse4.2, popcnt, ht

Memory: 4k page, physical 4053612k(661624k free), swap 8105320k(1670760k free)

vm_info: Java HotSpot(TM) 64-Bit Server VM (22.1-b02) for windows-amd64 JRE (1.7.0_03-b05), built on Feb  3 2012 20:43:56 by "java_re" with unknown MS VC++:1600

time: Sat Oct 27 16:14:19 2012
elapsed time: 86 seconds

